<?xml version="1.0" encoding="UTF-8"?>
<!-- Generated by org.testng.reporters.JUnitReportReporter -->
<testsuite hostname="Prateek" failures="0" tests="3" name="com.educationalDomain.Wipro.Scripts.TestCase2" time="26.600" errors="0" timestamp="2022-08-30T13:18:33 IST" skipped="0">
  <testcase classname="com.educationalDomain.Wipro.Scripts.TestCase2" name="tc2" time="8.806"/>
  <system-out/>
  <testcase classname="com.educationalDomain.Wipro.Scripts.TestCase2" name="tc2" time="9.000"/>
  <system-out/>
  <testcase classname="com.educationalDomain.Wipro.Scripts.TestCase2" name="tc2" time="8.794"/>
  <system-out/>
</testsuite> <!-- com.educationalDomain.Wipro.Scripts.TestCase2 -->
