<?xml version="1.0" encoding="UTF-8"?>
<!-- Generated by org.testng.reporters.JUnitReportReporter -->
<testsuite hostname="Prateek" failures="0" tests="1" name="com.educationalDomain.Wipro.Scripts.TestCase3" time="7.421" errors="0" timestamp="2022-08-24T13:00:28 IST" skipped="0">
  <testcase classname="com.educationalDomain.Wipro.Scripts.TestCase3" name="tc3" time="7.421"/>
  <system-out/>
</testsuite> <!-- com.educationalDomain.Wipro.Scripts.TestCase3 -->
