<?xml version="1.0" encoding="UTF-8"?>
<!-- Generated by org.testng.reporters.JUnitReportReporter -->
<testsuite hostname="Prateek" failures="0" tests="1" name="com.educationalDomain.Wipro.Scripts.TestCase1" time="6.105" errors="0" timestamp="2022-08-27T21:23:08 IST" skipped="0">
  <testcase classname="com.educationalDomain.Wipro.Scripts.TestCase1" name="tc1" time="6.105"/>
  <system-out/>
</testsuite> <!-- com.educationalDomain.Wipro.Scripts.TestCase1 -->
