<?xml version="1.0" encoding="UTF-8"?>
<!-- Generated by org.testng.reporters.JUnitReportReporter -->
<testsuite hostname="Prateek" failures="0" tests="1" name="com.educationalDomain.Wipro.Scripts.TestCase1" time="4.102" errors="0" timestamp="2022-08-30T13:18:33 IST" skipped="0">
  <testcase classname="com.educationalDomain.Wipro.Scripts.TestCase1" name="tc1" time="4.102"/>
  <system-out/>
</testsuite> <!-- com.educationalDomain.Wipro.Scripts.TestCase1 -->
