<?xml version="1.0" encoding="UTF-8"?>
<!-- Generated by org.testng.reporters.JUnitReportReporter -->
<testsuite hostname="Prateek" failures="0" tests="1" name="com.educationalDomain.Wipro.Scripts.TestCase4" time="7.587" errors="0" timestamp="2022-08-24T21:02:32 IST" skipped="0">
  <testcase classname="com.educationalDomain.Wipro.Scripts.TestCase4" name="tc4" time="7.587"/>
  <system-out>
    <![CDATA[data not matching]]>
  </system-out>
</testsuite> <!-- com.educationalDomain.Wipro.Scripts.TestCase4 -->
