<?xml version="1.0" encoding="UTF-8"?>
<!-- Generated by org.testng.reporters.JUnitReportReporter -->
<testsuite hostname="Prateek" failures="0" tests="3" name="com.educationalDomain.Wipro.Scripts.TestCase2" time="31.118" errors="0" timestamp="2022-08-24T13:00:28 IST" skipped="0">
  <testcase classname="com.educationalDomain.Wipro.Scripts.TestCase2" name="tc2" time="10.376"/>
  <system-out/>
  <testcase classname="com.educationalDomain.Wipro.Scripts.TestCase2" name="tc2" time="10.439"/>
  <system-out/>
  <testcase classname="com.educationalDomain.Wipro.Scripts.TestCase2" name="tc2" time="10.303"/>
  <system-out/>
</testsuite> <!-- com.educationalDomain.Wipro.Scripts.TestCase2 -->
