<?xml version="1.0" encoding="UTF-8"?>
<!-- Generated by org.testng.reporters.JUnitReportReporter -->
<testsuite hostname="Prateek" failures="0" tests="3" name="com.educationalDomain.Wipro.Scripts.TestCase2" time="26.521" errors="0" timestamp="2022-09-01T23:16:38 IST" skipped="0">
  <testcase classname="com.educationalDomain.Wipro.Scripts.TestCase2" name="tc2" time="8.958"/>
  <system-out/>
  <testcase classname="com.educationalDomain.Wipro.Scripts.TestCase2" name="tc2" time="8.823"/>
  <system-out/>
  <testcase classname="com.educationalDomain.Wipro.Scripts.TestCase2" name="tc2" time="8.740"/>
  <system-out/>
</testsuite> <!-- com.educationalDomain.Wipro.Scripts.TestCase2 -->
